# JRE version: OpenJDK Runtime Environment Microsoft-8035246 (17.0.8+7) (build 17.0.8+7-LTS)
# Java VM: OpenJDK 64-Bit Server VM Microsoft-8035246 (17.0.8+7-LTS, mixed mode, sharing, tiered, compressed oops, compressed class ptrs, g1 gc, windows-amd64)
GC Precious Log:
 CPUs: 16 total, 16 available
 Memory: 16052M
 Large Page Support: Disabled
 NUMA Support: Disabled
 Compressed Oops: Enabled (32-bit)
 Heap Region Size: 1M
 Heap Min Capacity: 8M
 Heap Initial Capacity: 252M
 Heap Max Capacity: 2G
 Pre-touch: Disabled
 Parallel Workers: 13
 Concurrent Workers: 3
 Concurrent Refinement Workers: 13
 Periodic GC: Disabled
Heap:
 garbage-first heap   total 250880K, used 166434K [0x0000000080000000, 0x0000000100000000)
  region size 1024K, 29 young (29696K), 7 survivors (7168K)
 Metaspace       used 101566K, committed 102464K, reserved 557056K
  class space    used 14107K, committed 14528K, reserved 425984K
GC Heap History (20 events):
Event: 34.869 GC heap before
{Heap before GC invocations=29 (full 0):
 garbage-first heap   total 243712K, used 168397K [0x0000000080000000, 0x0000000100000000)
  region size 1024K, 86 young (88064K), 10 survivors (10240K)
 Metaspace       used 84051K, committed 84864K, reserved 557056K
  class space    used 11738K, committed 12096K, reserved 425984K
}
Event: 34.875 GC heap after
{Heap after GC invocations=30 (full 0):
 garbage-first heap   total 243712K, used 92685K [0x0000000080000000, 0x0000000100000000)
  region size 1024K, 8 young (8192K), 8 survivors (8192K)
 Metaspace       used 84051K, committed 84864K, reserved 557056K
  class space    used 11738K, committed 12096K, reserved 425984K
}
Event: 36.247 GC heap before
{Heap before GC invocations=30 (full 0):
 garbage-first heap   total 243712K, used 180749K [0x0000000080000000, 0x0000000100000000)
  region size 1024K, 89 young (91136K), 8 survivors (8192K)
 Metaspace       used 87965K, committed 88832K, reserved 557056K
  class space    used 12262K, committed 12672K, reserved 425984K
}
Event: 36.258 GC heap after
{Heap after GC invocations=31 (full 0):
 garbage-first heap   total 243712K, used 106431K [0x0000000080000000, 0x0000000100000000)
  region size 1024K, 12 young (12288K), 12 survivors (12288K)
 Metaspace       used 87965K, committed 88832K, reserved 557056K
  class space    used 12262K, committed 12672K, reserved 425984K
}
Event: 37.774 GC heap before
{Heap before GC invocations=31 (full 0):
 garbage-first heap   total 243712K, used 181183K [0x0000000080000000, 0x0000000100000000)
  region size 1024K, 85 young (87040K), 12 survivors (12288K)
 Metaspace       used 89925K, committed 90816K, reserved 557056K
  class space    used 12554K, committed 12992K, reserved 425984K
}
Event: 37.792 GC heap after
{Heap after GC invocations=32 (full 0):
 garbage-first heap   total 243712K, used 121115K [0x0000000080000000, 0x0000000100000000)
  region size 1024K, 11 young (11264K), 11 survivors (11264K)
 Metaspace       used 89925K, committed 90816K, reserved 557056K
  class space    used 12554K, committed 12992K, reserved 425984K
}
Event: 39.700 GC heap before
{Heap before GC invocations=32 (full 0):
 garbage-first heap   total 243712K, used 185627K [0x0000000080000000, 0x0000000100000000)
  region size 1024K, 74 young (75776K), 11 survivors (11264K)
 Metaspace       used 95445K, committed 96320K, reserved 557056K
  class space    used 13319K, committed 13760K, reserved 425984K
}
Event: 39.711 GC heap after
{Heap after GC invocations=33 (full 0):
 garbage-first heap   total 243712K, used 126347K [0x0000000080000000, 0x0000000100000000)
  region size 1024K, 5 young (5120K), 5 survivors (5120K)
 Metaspace       used 95445K, committed 96320K, reserved 557056K
  class space    used 13319K, committed 13760K, reserved 425984K
}
Event: 40.976 GC heap before
{Heap before GC invocations=34 (full 0):
 garbage-first heap   total 243712K, used 189835K [0x0000000080000000, 0x0000000100000000)
  region size 1024K, 67 young (68608K), 5 survivors (5120K)
 Metaspace       used 97562K, committed 98496K, reserved 557056K
  class space    used 13588K, committed 14016K, reserved 425984K
}
Event: 40.985 GC heap after
{Heap after GC invocations=35 (full 0):
 garbage-first heap   total 243712K, used 131581K [0x0000000080000000, 0x0000000100000000)
  region size 1024K, 9 young (9216K), 9 survivors (9216K)
 Metaspace       used 97562K, committed 98496K, reserved 557056K
  class space    used 13588K, committed 14016K, reserved 425984K
}
Event: 41.029 GC heap before
{Heap before GC invocations=35 (full 0):
 garbage-first heap   total 243712K, used 133629K [0x0000000080000000, 0x0000000100000000)
  region size 1024K, 11 young (11264K), 9 survivors (9216K)
 Metaspace       used 97581K, committed 98496K, reserved 557056K
  class space    used 13588K, committed 14016K, reserved 425984K
}
Event: 41.036 GC heap after
{Heap after GC invocations=36 (full 0):
 garbage-first heap   total 243712K, used 132656K [0x0000000080000000, 0x0000000100000000)
  region size 1024K, 2 young (2048K), 2 survivors (2048K)
 Metaspace       used 97581K, committed 98496K, reserved 557056K
  class space    used 13588K, committed 14016K, reserved 425984K
}
Event: 42.107 GC heap before
{Heap before GC invocations=36 (full 0):
 garbage-first heap   total 243712K, used 174640K [0x0000000080000000, 0x0000000100000000)
  region size 1024K, 45 young (46080K), 2 survivors (2048K)
 Metaspace       used 98950K, committed 99840K, reserved 557056K
  class space    used 13704K, committed 14080K, reserved 425984K
}
Event: 42.114 GC heap after
{Heap after GC invocations=37 (full 0):
 garbage-first heap   total 243712K, used 137965K [0x0000000080000000, 0x0000000100000000)
  region size 1024K, 7 young (7168K), 7 survivors (7168K)
 Metaspace       used 98950K, committed 99840K, reserved 557056K
  class space    used 13704K, committed 14080K, reserved 425984K
}
Event: 43.363 GC heap before
{Heap before GC invocations=38 (full 0):
 garbage-first heap   total 244736K, used 199405K [0x0000000080000000, 0x0000000100000000)
  region size 1024K, 63 young (64512K), 7 survivors (7168K)
 Metaspace       used 101005K, committed 101888K, reserved 557056K
  class space    used 14029K, committed 14400K, reserved 425984K
}
Event: 43.408 GC heap after
{Heap after GC invocations=39 (full 0):
 garbage-first heap   total 244736K, used 140042K [0x0000000080000000, 0x0000000100000000)
  region size 1024K, 3 young (3072K), 3 survivors (3072K)
 Metaspace       used 101005K, committed 101888K, reserved 557056K
  class space    used 14029K, committed 14400K, reserved 425984K
}
Event: 43.944 GC heap before
{Heap before GC invocations=39 (full 0):
 garbage-first heap   total 244736K, used 147210K [0x0000000080000000, 0x0000000100000000)
  region size 1024K, 11 young (11264K), 3 survivors (3072K)
 Metaspace       used 101434K, committed 102336K, reserved 557056K
  class space    used 14113K, committed 14528K, reserved 425984K
}
Event: 43.962 GC heap after
{Heap after GC invocations=40 (full 0):
 garbage-first heap   total 244736K, used 140588K [0x0000000080000000, 0x0000000100000000)
  region size 1024K, 2 young (2048K), 2 survivors (2048K)
 Metaspace       used 101434K, committed 102336K, reserved 557056K
  class space    used 14113K, committed 14528K, reserved 425984K
}
Event: 44.419 GC heap before
{Heap before GC invocations=40 (full 0):
 garbage-first heap   total 244736K, used 197932K [0x0000000080000000, 0x0000000100000000)
  region size 1024K, 59 young (60416K), 2 survivors (2048K)
 Metaspace       used 101583K, committed 102464K, reserved 557056K
  class space    used 14114K, committed 14528K, reserved 425984K
}
Event: 44.426 GC heap after
{Heap after GC invocations=41 (full 0):
 garbage-first heap   total 244736K, used 144930K [0x0000000080000000, 0x0000000100000000)
  region size 1024K, 7 young (7168K), 7 survivors (7168K)
 Metaspace       used 101583K, committed 102464K, reserved 557056K
  class space    used 14114K, committed 14528K, reserved 425984K
}

