# JRE version: OpenJDK Runtime Environment Microsoft-8035246 (17.0.8+7) (build 17.0.8+7-LTS)
# Java VM: OpenJDK 64-Bit Server VM Microsoft-8035246 (17.0.8+7-LTS, mixed mode, sharing, tiered, compressed oops, compressed class ptrs, g1 gc, windows-amd64)
GC Precious Log:
 CPUs: 16 total, 16 available
 Memory: 16052M
 Large Page Support: Disabled
 NUMA Support: Disabled
 Compressed Oops: Enabled (32-bit)
 Heap Region Size: 1M
 Heap Min Capacity: 8M
 Heap Initial Capacity: 252M
 Heap Max Capacity: 2G
 Pre-touch: Disabled
 Parallel Workers: 13
 Concurrent Workers: 3
 Concurrent Refinement Workers: 13
 Periodic GC: Disabled
Heap:
 garbage-first heap   total 209920K, used 153316K [0x0000000080000000, 0x0000000100000000)
  region size 1024K, 9 young (9216K), 4 survivors (4096K)
 Metaspace       used 101806K, committed 102784K, reserved 557056K
  class space    used 14152K, committed 14656K, reserved 425984K
GC Heap History (20 events):
Event: 26.655 GC heap before
{Heap before GC invocations=45 (full 0):
 garbage-first heap   total 196608K, used 153613K [0x0000000080000000, 0x0000000100000000)
  region size 1024K, 33 young (33792K), 2 survivors (2048K)
 Metaspace       used 91853K, committed 92736K, reserved 557056K
  class space    used 12834K, committed 13248K, reserved 425984K
}
Event: 26.660 GC heap after
{Heap after GC invocations=46 (full 0):
 garbage-first heap   total 196608K, used 123307K [0x0000000080000000, 0x0000000100000000)
  region size 1024K, 3 young (3072K), 3 survivors (3072K)
 Metaspace       used 91853K, committed 92736K, reserved 557056K
  class space    used 12834K, committed 13248K, reserved 425984K
}
Event: 28.805 GC heap before
{Heap before GC invocations=47 (full 0):
 garbage-first heap   total 209920K, used 156075K [0x0000000080000000, 0x0000000100000000)
  region size 1024K, 35 young (35840K), 3 survivors (3072K)
 Metaspace       used 95319K, committed 96256K, reserved 557056K
  class space    used 13314K, committed 13760K, reserved 425984K
}
Event: 28.810 GC heap after
{Heap after GC invocations=48 (full 0):
 garbage-first heap   total 209920K, used 125265K [0x0000000080000000, 0x0000000100000000)
  region size 1024K, 4 young (4096K), 4 survivors (4096K)
 Metaspace       used 95319K, committed 96256K, reserved 557056K
  class space    used 13314K, committed 13760K, reserved 425984K
}
Event: 29.407 GC heap before
{Heap before GC invocations=48 (full 0):
 garbage-first heap   total 209920K, used 131409K [0x0000000080000000, 0x0000000100000000)
  region size 1024K, 10 young (10240K), 4 survivors (4096K)
 Metaspace       used 95460K, committed 96448K, reserved 557056K
  class space    used 13328K, committed 13824K, reserved 425984K
}
Event: 29.412 GC heap after
{Heap after GC invocations=49 (full 0):
 garbage-first heap   total 209920K, used 125736K [0x0000000080000000, 0x0000000100000000)
  region size 1024K, 2 young (2048K), 2 survivors (2048K)
 Metaspace       used 95460K, committed 96448K, reserved 557056K
  class space    used 13328K, committed 13824K, reserved 425984K
}
Event: 30.704 GC heap before
{Heap before GC invocations=49 (full 0):
 garbage-first heap   total 209920K, used 166696K [0x0000000080000000, 0x0000000100000000)
  region size 1024K, 42 young (43008K), 2 survivors (2048K)
 Metaspace       used 97237K, committed 98176K, reserved 557056K
  class space    used 13550K, committed 14016K, reserved 425984K
}
Event: 30.710 GC heap after
{Heap after GC invocations=50 (full 0):
 garbage-first heap   total 209920K, used 129210K [0x0000000080000000, 0x0000000100000000)
  region size 1024K, 5 young (5120K), 5 survivors (5120K)
 Metaspace       used 97237K, committed 98176K, reserved 557056K
  class space    used 13550K, committed 14016K, reserved 425984K
}
Event: 31.187 GC heap before
{Heap before GC invocations=50 (full 0):
 garbage-first heap   total 209920K, used 169146K [0x0000000080000000, 0x0000000100000000)
  region size 1024K, 44 young (45056K), 5 survivors (5120K)
 Metaspace       used 97981K, committed 98944K, reserved 557056K
  class space    used 13630K, committed 14080K, reserved 425984K
}
Event: 31.195 GC heap after
{Heap after GC invocations=51 (full 0):
 garbage-first heap   total 209920K, used 133483K [0x0000000080000000, 0x0000000100000000)
  region size 1024K, 5 young (5120K), 5 survivors (5120K)
 Metaspace       used 97981K, committed 98944K, reserved 557056K
  class space    used 13630K, committed 14080K, reserved 425984K
}
Event: 31.702 GC heap before
{Heap before GC invocations=51 (full 0):
 garbage-first heap   total 209920K, used 175467K [0x0000000080000000, 0x0000000100000000)
  region size 1024K, 42 young (43008K), 5 survivors (5120K)
 Metaspace       used 100446K, committed 101376K, reserved 557056K
  class space    used 13937K, committed 14400K, reserved 425984K
}
Event: 31.708 GC heap after
{Heap after GC invocations=52 (full 0):
 garbage-first heap   total 209920K, used 139258K [0x0000000080000000, 0x0000000100000000)
  region size 1024K, 6 young (6144K), 6 survivors (6144K)
 Metaspace       used 100446K, committed 101376K, reserved 557056K
  class space    used 13937K, committed 14400K, reserved 425984K
}
Event: 32.256 GC heap before
{Heap before GC invocations=52 (full 0):
 garbage-first heap   total 209920K, used 172026K [0x0000000080000000, 0x0000000100000000)
  region size 1024K, 39 young (39936K), 6 survivors (6144K)
 Metaspace       used 101053K, committed 102016K, reserved 557056K
  class space    used 14053K, committed 14528K, reserved 425984K
}
Event: 32.262 GC heap after
{Heap after GC invocations=53 (full 0):
 garbage-first heap   total 209920K, used 141737K [0x0000000080000000, 0x0000000100000000)
  region size 1024K, 3 young (3072K), 3 survivors (3072K)
 Metaspace       used 101053K, committed 102016K, reserved 557056K
  class space    used 14053K, committed 14528K, reserved 425984K
}
Event: 33.077 GC heap before
{Heap before GC invocations=53 (full 0):
 garbage-first heap   total 209920K, used 173481K [0x0000000080000000, 0x0000000100000000)
  region size 1024K, 35 young (35840K), 3 survivors (3072K)
 Metaspace       used 101679K, committed 102656K, reserved 557056K
  class space    used 14151K, committed 14656K, reserved 425984K
}
Event: 33.082 GC heap after
{Heap after GC invocations=54 (full 0):
 garbage-first heap   total 209920K, used 145447K [0x0000000080000000, 0x0000000100000000)
  region size 1024K, 5 young (5120K), 5 survivors (5120K)
 Metaspace       used 101679K, committed 102656K, reserved 557056K
  class space    used 14151K, committed 14656K, reserved 425984K
}
Event: 33.324 GC heap before
{Heap before GC invocations=54 (full 0):
 garbage-first heap   total 209920K, used 175143K [0x0000000080000000, 0x0000000100000000)
  region size 1024K, 35 young (35840K), 5 survivors (5120K)
 Metaspace       used 101795K, committed 102784K, reserved 557056K
  class space    used 14152K, committed 14656K, reserved 425984K
}
Event: 33.329 GC heap after
{Heap after GC invocations=55 (full 0):
 garbage-first heap   total 209920K, used 147832K [0x0000000080000000, 0x0000000100000000)
  region size 1024K, 3 young (3072K), 3 survivors (3072K)
 Metaspace       used 101795K, committed 102784K, reserved 557056K
  class space    used 14152K, committed 14656K, reserved 425984K
}
Event: 33.791 GC heap before
{Heap before GC invocations=55 (full 0):
 garbage-first heap   total 209920K, used 176504K [0x0000000080000000, 0x0000000100000000)
  region size 1024K, 31 young (31744K), 3 survivors (3072K)
 Metaspace       used 101798K, committed 102784K, reserved 557056K
  class space    used 14152K, committed 14656K, reserved 425984K
}
Event: 33.795 GC heap after
{Heap after GC invocations=56 (full 0):
 garbage-first heap   total 209920K, used 149220K [0x0000000080000000, 0x0000000100000000)
  region size 1024K, 4 young (4096K), 4 survivors (4096K)
 Metaspace       used 101798K, committed 102784K, reserved 557056K
  class space    used 14152K, committed 14656K, reserved 425984K
}

